0 info it worked if it ends with ok
1 verbose cli [ 'D:\\nodejs\\node.exe',
1 verbose cli   'D:\\nodejs\\node_modules\\npm\\bin\\npm-cli.js',
1 verbose cli   'run',
1 verbose cli   'dev' ]
2 info using npm@3.10.10
3 info using node@v6.11.2
4 verbose run-script [ 'predev', 'dev', 'postdev' ]
5 info lifecycle front-end-template@~predev: front-end-template@
6 silly lifecycle front-end-template@~predev: no script for predev, continuing
7 info lifecycle front-end-template@~dev: front-end-template@
8 verbose lifecycle front-end-template@~dev: unsafe-perm in lifecycle true
9 verbose lifecycle front-end-template@~dev: PATH: D:\nodejs\node_modules\npm\bin\node-gyp-bin;C:\Users\xiongang\Desktop\Webpack-demo\node_modules\.bin;C:\ProgramData\Oracle\Java\javapath;C:\Program Files (x86)\NVIDIA Corporation\PhysX\Common;C:\windows\system32;C:\windows;C:\windows\System32\Wbem;C:\windows\System32\WindowsPowerShell\v1.0\;C:\Program Files (x86)\MySQL\MySQL Server 5.5\bin;C:\Program Files (x86)\Windows Kits\8.1\Windows Performance Toolkit\;C:\Program Files\Microsoft SQL Server\110\Tools\Binn\;C:\Program Files\Java\jre1.8.0_141\bin;C:\Users\xiongang\AppData\Local\GitHubDesktop\app-0.7.2\resources\app\git\mingw64\bin;C:\Program Files\Git\cmd;C:\Windows\Microsoft.NET\Framework\v4.0.30319;D:\nodejs\;C:\Program Files\dotnet\;C:\Program Files\Microsoft Windows Performance Toolkit\;C:\Program Files\TortoiseGit\bin;D:\Python\Python36-32\Scripts\;D:\Python\Python36-32\;D:\Program Files (x86)\Microsoft Visual Studio\Common\Tools\WinNT;D:\Program Files (x86)\Microsoft Visual Studio\Common\MSDev98\Bin;D:\Program Files (x86)\Microsoft Visual Studio\Common\Tools;D:\Program Files (x86)\Microsoft Visual Studio\VC98\bin;C:\Program Files (x86)\MySQL\MySQL Server 5.5\bin;D:\Program Files (x86)\Dev-Cpp\MinGW64\bin;C:\Windows\System32;D:\Program Files (x86)\Microsoft VS Code\bin;C:\Users\xiongang\AppData\Roaming\npm;D:\Fiddler;C:\MinGW\bin;C:\Lua\lua-5.3.4\src;C:\GnuWin32\bin
10 verbose lifecycle front-end-template@~dev: CWD: C:\Users\xiongang\Desktop\Webpack-demo
11 silly lifecycle front-end-template@~dev: Args: [ '/d /s /c', 'webpack-dev-server --progress --hot' ]
12 silly lifecycle front-end-template@~dev: Returned: code: 3221225786  signal: null
13 info lifecycle front-end-template@~dev: Failed to exec dev script
14 verbose stack Error: front-end-template@ dev: `webpack-dev-server --progress --hot`
14 verbose stack Exit status 3221225786
14 verbose stack     at EventEmitter.<anonymous> (D:\nodejs\node_modules\npm\lib\utils\lifecycle.js:255:16)
14 verbose stack     at emitTwo (events.js:106:13)
14 verbose stack     at EventEmitter.emit (events.js:191:7)
14 verbose stack     at ChildProcess.<anonymous> (D:\nodejs\node_modules\npm\lib\utils\spawn.js:40:14)
14 verbose stack     at emitTwo (events.js:106:13)
14 verbose stack     at ChildProcess.emit (events.js:191:7)
14 verbose stack     at maybeClose (internal/child_process.js:891:16)
14 verbose stack     at Process.ChildProcess._handle.onexit (internal/child_process.js:226:5)
15 verbose pkgid front-end-template@
16 verbose cwd C:\Users\xiongang\Desktop\Webpack-demo
17 error Windows_NT 6.1.7601
18 error argv "D:\\nodejs\\node.exe" "D:\\nodejs\\node_modules\\npm\\bin\\npm-cli.js" "run" "dev"
19 error node v6.11.2
20 error npm  v3.10.10
21 error code ELIFECYCLE
22 error front-end-template@ dev: `webpack-dev-server --progress --hot`
22 error Exit status 3221225786
23 error Failed at the front-end-template@ dev script 'webpack-dev-server --progress --hot'.
23 error Make sure you have the latest version of node.js and npm installed.
23 error If you do, this is most likely a problem with the front-end-template package,
23 error not with npm itself.
23 error Tell the author that this fails on your system:
23 error     webpack-dev-server --progress --hot
23 error You can get information on how to open an issue for this project with:
23 error     npm bugs front-end-template
23 error Or if that isn't available, you can get their info via:
23 error     npm owner ls front-end-template
23 error There is likely additional logging output above.
24 verbose exit [ 1, true ]
